[13:00:49] [F-S-S/INFO] -----------------------------------------------
[13:00:49] [F-S-S/INFO] FORGE-Server-Starter
[13:00:49] [F-S-S/INFO] Now support MinecraftForge and NeoForged
[13:00:49] [F-S-S/INFO] 
[13:00:49] [F-S-S/INFO] By HellBz.de
[13:00:49] [F-S-S/INFO] 
[13:00:49] [F-S-S/INFO] -----------------------------------------------
[13:00:49] [F-S-S/INFO] Checking System ...
[13:00:50] [F-S-S/INFO] Checking Internet... Connected to the Web.
[13:00:53] [F-S-S/INFO] ----------------------------------------------------------------
[13:00:53] [F-S-S/INFO] You have the latest version of F-S-S, with: 3.5.7
[13:00:53] [F-S-S/INFO] Latest Update if from: null on GitHub.
[13:00:53] [F-S-S/INFO] You find all Versions there:
[13:00:53] [F-S-S/INFO] https://www.curseforge.com/minecraft/mc-mods/forge-server-starter
[13:00:53] [F-S-S/INFO] ----------------------------------------------------------------
[13:00:53] [F-S-S/INFO] Found Minecraft: 1.20.1 with Forge-Version: 47.4.2
[13:00:53] [F-S-S/INFO] Building Startup-Parameter ...
[13:00:53] [F-S-S/INFO] Eula-File is already accepted.
[13:00:53] [F-S-S/INFO] 
[13:00:53] [F-S-S/INFO] Server is Running in TimeZone: UTC
[13:00:53] [F-S-S/INFO] Setup your own timezone in server_starter.conf
[13:00:53] [F-S-S/INFO] 
[13:00:53] [F-S-S/INFO] Start Forge 47.4.2 Server
[13:00:53] [F-S-S/INFO] -----------------------------------------------
